<?xml version="1.0" encoding="UTF-8"?>
<testsuite xmlns:xsi="http://www.w3.org/2001/XMLSchema-instance" xsi:noNamespaceSchemaLocation="https://maven.apache.org/surefire/maven-surefire-plugin/xsd/surefire-test-report.xsd" name="org.thibaut.thelibrary.service.impl.BookServiceImplTest" time="0.734" tests="6" errors="0" skipped="0" failures="0">
  <properties>
[...]
</properties>
  <testcase name="delete" classname="org.thibaut.thelibrary.service.impl.BookServiceImplTest" time="0.603"/>
  <testcase name="getBookByTitle" classname="org.thibaut.thelibrary.service.impl.BookServiceImplTest" time="0.001"/>
  <testcase name="getBookById" classname="org.thibaut.thelibrary.service.impl.BookServiceImplTest" time="0.117"/>
  <testcase name="save" classname="org.thibaut.thelibrary.service.impl.BookServiceImplTest" time="0"/>
  <testcase name="getBookDTOList" classname="org.thibaut.thelibrary.service.impl.BookServiceImplTest" time="0.001"/>
  <testcase name="deleteList" classname="org.thibaut.thelibrary.service.impl.BookServiceImplTest" time="0.002"/>
</testsuite>